[13:51:47.064] Global cache location '/Users/jessekelly/Library/Caches/typescript/4.8', safe file path '/users/jessekelly/desktop/projectdiscovery/eslint-config/node_modules/typescript/lib/typingsafelist.json', types map path /users/jessekelly/desktop/projectdiscovery/eslint-config/node_modules/typescript/lib/typesmap.json
[13:51:47.065] Processing cache location '/Users/jessekelly/Library/Caches/typescript/4.8'
[13:51:47.065] Trying to find '/Users/jessekelly/Library/Caches/typescript/4.8/package.json'...
[13:51:47.069] Loaded content of '/Users/jessekelly/Library/Caches/typescript/4.8/package.json': {"private":true,"dependencies":{"types-registry":"^0.1.615"},"devDependencies":{"@types/babel__code-frame":"^7.0.3","@types/babel__core":"^7.1.19","@types/babel__generator":"^7.6.4","@types/babel__template":"^7.4.1","@types/babel__traverse":"^7.18.2","@types/color-convert":"^2.0.0","@types/eslint":"^8.4.8","@types/eslint-config-prettier":"^6.11.0","@types/eslint-plugin-markdown":"^2.0.0","@types/gensync":"^1.0.0","@types/js-yaml":"^4.0.5","@types/jsdom":"^20.0.0","@types/prettier":"^2.7.1","@types/react":"^18.0.21","@types/react-dom":"^18.0.6","@types/rimraf":"^3.0.2","@types/rollup-plugin-visualizer":"^4.2.1","@types/sax":"^1.2.4","@types/semver":"^7.3.12","@types/svgo":"^2.6.4","@types/webpack":"^5.28.0"}}
[13:51:47.069] Loaded content of '/Users/jessekelly/Library/Caches/typescript/4.8/package-lock.json'
[13:51:47.076] Adding entry into typings cache: 'babel__code-frame' => '/Users/jessekelly/Library/Caches/typescript/4.8/node_modules/@types/babel__code-frame/index.d.ts'
[13:51:47.078] Adding entry into typings cache: 'babel__core' => '/Users/jessekelly/Library/Caches/typescript/4.8/node_modules/@types/babel__core/index.d.ts'
[13:51:47.079] Adding entry into typings cache: 'babel__generator' => '/Users/jessekelly/Library/Caches/typescript/4.8/node_modules/@types/babel__generator/index.d.ts'
[13:51:47.080] Adding entry into typings cache: 'babel__template' => '/Users/jessekelly/Library/Caches/typescript/4.8/node_modules/@types/babel__template/index.d.ts'
[13:51:47.081] Adding entry into typings cache: 'babel__traverse' => '/Users/jessekelly/Library/Caches/typescript/4.8/node_modules/@types/babel__traverse/index.d.ts'
[13:51:47.082] Adding entry into typings cache: 'color-convert' => '/Users/jessekelly/Library/Caches/typescript/4.8/node_modules/@types/color-convert/index.d.ts'
[13:51:47.084] Adding entry into typings cache: 'eslint' => '/Users/jessekelly/Library/Caches/typescript/4.8/node_modules/@types/eslint/index.d.ts'
[13:51:47.085] Adding entry into typings cache: 'eslint-config-prettier' => '/Users/jessekelly/Library/Caches/typescript/4.8/node_modules/@types/eslint-config-prettier/index.d.ts'
[13:51:47.087] Adding entry into typings cache: 'eslint-plugin-markdown' => '/Users/jessekelly/Library/Caches/typescript/4.8/node_modules/@types/eslint-plugin-markdown/index.d.ts'
[13:51:47.088] Adding entry into typings cache: 'gensync' => '/Users/jessekelly/Library/Caches/typescript/4.8/node_modules/@types/gensync/index.d.ts'
[13:51:47.088] Adding entry into typings cache: 'js-yaml' => '/Users/jessekelly/Library/Caches/typescript/4.8/node_modules/@types/js-yaml/index.d.ts'
[13:51:47.090] Adding entry into typings cache: 'jsdom' => '/Users/jessekelly/Library/Caches/typescript/4.8/node_modules/@types/jsdom/index.d.ts'
[13:51:47.092] Adding entry into typings cache: 'prettier' => '/Users/jessekelly/Library/Caches/typescript/4.8/node_modules/@types/prettier/index.d.ts'
[13:51:47.093] Adding entry into typings cache: 'react' => '/Users/jessekelly/Library/Caches/typescript/4.8/node_modules/@types/react/index.d.ts'
[13:51:47.094] Adding entry into typings cache: 'react-dom' => '/Users/jessekelly/Library/Caches/typescript/4.8/node_modules/@types/react-dom/index.d.ts'
[13:51:47.095] Adding entry into typings cache: 'rimraf' => '/Users/jessekelly/Library/Caches/typescript/4.8/node_modules/@types/rimraf/index.d.ts'
[13:51:47.097] Adding entry into typings cache: 'rollup-plugin-visualizer' => '/Users/jessekelly/Library/Caches/typescript/4.8/node_modules/@types/rollup-plugin-visualizer/index.d.ts'
[13:51:47.102] Adding entry into typings cache: 'sax' => '/Users/jessekelly/Library/Caches/typescript/4.8/node_modules/@types/sax/index.d.ts'
[13:51:47.102] Adding entry into typings cache: 'semver' => '/Users/jessekelly/Library/Caches/typescript/4.8/node_modules/@types/semver/index.d.ts'
[13:51:47.103] Adding entry into typings cache: 'svgo' => '/Users/jessekelly/Library/Caches/typescript/4.8/node_modules/@types/svgo/index.d.ts'
[13:51:47.106] Adding entry into typings cache: 'webpack' => '/Users/jessekelly/Library/Caches/typescript/4.8/node_modules/webpack/types.d.ts'
[13:51:47.106] Finished processing cache location '/Users/jessekelly/Library/Caches/typescript/4.8'
[13:51:47.106] Process id: 57058
[13:51:47.106] NPM location: /Users/jessekelly/.nvm/versions/node/v16.16.0/bin/npm (explicit '--npmLocation' not  provided)
[13:51:47.106] validateDefaultNpmLocation: false
[13:51:47.106] Npm config file: /Users/jessekelly/Library/Caches/typescript/4.8/package.json
[13:51:47.106] Updating types-registry npm package...
[13:51:47.107] Exec: /Users/jessekelly/.nvm/versions/node/v16.16.0/bin/npm install --ignore-scripts types-registry@latest
[13:51:47.991]     Succeeded. stdout:
    
    up to date, audited 117 packages in 690ms

11 packages are looking for funding
  run `npm fund` for details

found 0 vulnerabilities

[13:51:47.991] Updated types-registry npm package
[13:51:48.019] Got install request {"projectName":"/dev/null/inferredProject1*","fileNames":["/Users/jessekelly/Desktop/ProjectDiscovery/eslint-config/node_modules/typescript/lib/lib.es5.d.ts","/Users/jessekelly/Desktop/ProjectDiscovery/eslint-config/node_modules/typescript/lib/lib.es2015.d.ts","/Users/jessekelly/Desktop/ProjectDiscovery/eslint-config/node_modules/typescript/lib/lib.es2016.d.ts","/Users/jessekelly/Desktop/ProjectDiscovery/eslint-config/node_modules/typescript/lib/lib.dom.d.ts","/Users/jessekelly/Desktop/ProjectDiscovery/eslint-config/node_modules/typescript/lib/lib.dom.iterable.d.ts","/Users/jessekelly/Desktop/ProjectDiscovery/eslint-config/node_modules/typescript/lib/lib.webworker.importscripts.d.ts","/Users/jessekelly/Desktop/ProjectDiscovery/eslint-config/node_modules/typescript/lib/lib.scripthost.d.ts","/Users/jessekelly/Desktop/ProjectDiscovery/eslint-config/node_modules/typescript/lib/lib.es2015.core.d.ts","/Users/jessekelly/Desktop/ProjectDiscovery/eslint-config/node_modules/typescript/lib/lib.es2015.collection.d.ts","/Users/jessekelly/Desktop/ProjectDiscovery/eslint-config/node_modules/typescript/lib/lib.es2015.generator.d.ts","/Users/jessekelly/Desktop/ProjectDiscovery/eslint-config/node_modules/typescript/lib/lib.es2015.iterable.d.ts","/Users/jessekelly/Desktop/ProjectDiscovery/eslint-config/node_modules/typescript/lib/lib.es2015.promise.d.ts","/Users/jessekelly/Desktop/ProjectDiscovery/eslint-config/node_modules/typescript/lib/lib.es2015.proxy.d.ts","/Users/jessekelly/Desktop/ProjectDiscovery/eslint-config/node_modules/typescript/lib/lib.es2015.reflect.d.ts","/Users/jessekelly/Desktop/ProjectDiscovery/eslint-config/node_modules/typescript/lib/lib.es2015.symbol.d.ts","/Users/jessekelly/Desktop/ProjectDiscovery/eslint-config/node_modules/typescript/lib/lib.es2015.symbol.wellknown.d.ts","/Users/jessekelly/Desktop/ProjectDiscovery/eslint-config/node_modules/typescript/lib/lib.es2016.array.include.d.ts","/Users/jessekelly/Desktop/ProjectDiscovery/eslint-config/node_modules/typescript/lib/lib.es2016.full.d.ts","/Users/jessekelly/Desktop/ProjectDiscovery/eslint-config/index.js"],"compilerOptions":{"module":1,"target":3,"jsx":1,"allowJs":true,"allowSyntheticDefaultImports":true,"allowNonTsExtensions":true,"noEmitForJsFiles":true,"maxNodeModuleJsDepth":2},"typeAcquisition":{"enable":true,"include":[],"exclude":[]},"unresolvedImports":[],"projectRootPath":"/Users/jessekelly/Desktop/ProjectDiscovery/eslint-config","kind":"discover"}
[13:51:48.027] Loaded safelist from types map file '/users/jessekelly/desktop/projectdiscovery/eslint-config/node_modules/typescript/lib/typesmap.json'
[13:51:48.028] Explicitly included types: []
[13:51:48.028] Typing names in '/Users/jessekelly/Desktop/ProjectDiscovery/eslint-config/package.json' dependencies: ["eslint-config-adjunct","eslint-config-airbnb","eslint-plugin-compat","eslint-plugin-jest","eslint-plugin-node","eslint-plugin-react","eslint-plugin-react-hooks","eslint"]
[13:51:48.028] Searching for typing names in /Users/jessekelly/Desktop/ProjectDiscovery/eslint-config/node_modules; all files: ["/Users/jessekelly/Desktop/ProjectDiscovery/eslint-config/node_modules/eslint-config-adjunct/package.json","/Users/jessekelly/Desktop/ProjectDiscovery/eslint-config/node_modules/eslint-config-airbnb/package.json","/Users/jessekelly/Desktop/ProjectDiscovery/eslint-config/node_modules/eslint-plugin-compat/package.json","/Users/jessekelly/Desktop/ProjectDiscovery/eslint-config/node_modules/eslint-plugin-jest/package.json","/Users/jessekelly/Desktop/ProjectDiscovery/eslint-config/node_modules/eslint-plugin-node/package.json","/Users/jessekelly/Desktop/ProjectDiscovery/eslint-config/node_modules/eslint-plugin-react/package.json","/Users/jessekelly/Desktop/ProjectDiscovery/eslint-config/node_modules/eslint-plugin-react-hooks/package.json","/Users/jessekelly/Desktop/ProjectDiscovery/eslint-config/node_modules/eslint/package.json"]
[13:51:48.038]     Found package names: ["eslint-config-adjunct","eslint-config-airbnb","eslint-plugin-compat","eslint-plugin-jest","eslint-plugin-node","eslint-plugin-react","eslint-plugin-react-hooks","eslint"]
[13:51:48.038] Inferred typings from unresolved imports: []
[13:51:48.038] Result: {"cachedTypingPaths":["/Users/jessekelly/Library/Caches/typescript/4.8/node_modules/@types/eslint/index.d.ts"],"newTypingNames":["eslint-config-adjunct","eslint-config-airbnb","eslint-plugin-compat","eslint-plugin-jest","eslint-plugin-node","eslint-plugin-react","eslint-plugin-react-hooks"],"filesToWatch":["/Users/jessekelly/Desktop/ProjectDiscovery/eslint-config/bower_components","/Users/jessekelly/Desktop/ProjectDiscovery/eslint-config/package.json","/Users/jessekelly/Desktop/ProjectDiscovery/eslint-config/node_modules"]}
[13:51:48.038] Finished typings discovery: {"cachedTypingPaths":["/Users/jessekelly/Library/Caches/typescript/4.8/node_modules/@types/eslint/index.d.ts"],"newTypingNames":["eslint-config-adjunct","eslint-config-airbnb","eslint-plugin-compat","eslint-plugin-jest","eslint-plugin-node","eslint-plugin-react","eslint-plugin-react-hooks"],"filesToWatch":["/Users/jessekelly/Desktop/ProjectDiscovery/eslint-config/bower_components","/Users/jessekelly/Desktop/ProjectDiscovery/eslint-config/package.json","/Users/jessekelly/Desktop/ProjectDiscovery/eslint-config/node_modules"]}
[13:51:48.038] DirectoryWatcher:: Added:: WatchInfo: /Users/jessekelly/Desktop/ProjectDiscovery/eslint-config/bower_components
[13:51:48.039] DirectoryWatcher:: Added:: WatchInfo: /Users/jessekelly/Desktop/ProjectDiscovery/eslint-config/bower_components 1 undefined Project: /dev/null/inferredProject1* watcher already invoked: false
[13:51:48.039] Elapsed:: 0.498540997505188ms DirectoryWatcher:: Added:: WatchInfo: /Users/jessekelly/Desktop/ProjectDiscovery/eslint-config/bower_components 1 undefined Project: /dev/null/inferredProject1* watcher already invoked: false
[13:51:48.039] FileWatcher:: Added:: WatchInfo: /Users/jessekelly/Desktop/ProjectDiscovery/eslint-config/package.json
[13:51:48.039] FileWatcher:: Added:: WatchInfo: /Users/jessekelly/Desktop/ProjectDiscovery/eslint-config/package.json 2000 undefined Project: /dev/null/inferredProject1* watcher already invoked: false
[13:51:48.039] DirectoryWatcher:: Added:: WatchInfo: /Users/jessekelly/Desktop/ProjectDiscovery/eslint-config/node_modules
[13:51:48.039] DirectoryWatcher:: Added:: WatchInfo: /Users/jessekelly/Desktop/ProjectDiscovery/eslint-config/node_modules 1 undefined Project: /dev/null/inferredProject1* watcher already invoked: false
[13:51:48.041] Elapsed:: 1.4247909784317017ms DirectoryWatcher:: Added:: WatchInfo: /Users/jessekelly/Desktop/ProjectDiscovery/eslint-config/node_modules 1 undefined Project: /dev/null/inferredProject1* watcher already invoked: false
[13:51:48.041] Installing typings ["eslint-config-adjunct","eslint-config-airbnb","eslint-plugin-compat","eslint-plugin-jest","eslint-plugin-node","eslint-plugin-react","eslint-plugin-react-hooks"]
[13:51:48.041] 'eslint-config-adjunct':: Entry for package 'eslint-config-adjunct' does not exist in local types registry - skipping...
[13:51:48.041] 'eslint-config-airbnb':: Entry for package 'eslint-config-airbnb' does not exist in local types registry - skipping...
[13:51:48.042] 'eslint-plugin-compat':: Entry for package 'eslint-plugin-compat' does not exist in local types registry - skipping...
[13:51:48.042] 'eslint-plugin-jest':: Entry for package 'eslint-plugin-jest' does not exist in local types registry - skipping...
[13:51:48.042] 'eslint-plugin-node':: Entry for package 'eslint-plugin-node' does not exist in local types registry - skipping...
[13:51:48.042] 'eslint-plugin-react':: Entry for package 'eslint-plugin-react' does not exist in local types registry - skipping...
[13:51:48.042] 'eslint-plugin-react-hooks':: Entry for package 'eslint-plugin-react-hooks' does not exist in local types registry - skipping...
[13:51:48.042] All typings are known to be missing or invalid - no need to install more typings
[13:51:48.042] Sending response:
    {"projectName":"/dev/null/inferredProject1*","typeAcquisition":{"enable":true,"include":[],"exclude":[]},"compilerOptions":{"module":1,"target":3,"jsx":1,"allowJs":true,"allowSyntheticDefaultImports":true,"allowNonTsExtensions":true,"noEmitForJsFiles":true,"maxNodeModuleJsDepth":2},"typings":["/Users/jessekelly/Library/Caches/typescript/4.8/node_modules/@types/eslint/index.d.ts"],"unresolvedImports":[],"kind":"action::set"}
[13:51:48.042] Response has been sent.
[13:51:48.410] Got install request {"projectName":"/dev/null/inferredProject1*","fileNames":["/Users/jessekelly/Desktop/ProjectDiscovery/eslint-config/node_modules/typescript/lib/lib.es5.d.ts","/Users/jessekelly/Desktop/ProjectDiscovery/eslint-config/node_modules/typescript/lib/lib.es2015.d.ts","/Users/jessekelly/Desktop/ProjectDiscovery/eslint-config/node_modules/typescript/lib/lib.es2016.d.ts","/Users/jessekelly/Desktop/ProjectDiscovery/eslint-config/node_modules/typescript/lib/lib.dom.d.ts","/Users/jessekelly/Desktop/ProjectDiscovery/eslint-config/node_modules/typescript/lib/lib.dom.iterable.d.ts","/Users/jessekelly/Desktop/ProjectDiscovery/eslint-config/node_modules/typescript/lib/lib.webworker.importscripts.d.ts","/Users/jessekelly/Desktop/ProjectDiscovery/eslint-config/node_modules/typescript/lib/lib.scripthost.d.ts","/Users/jessekelly/Desktop/ProjectDiscovery/eslint-config/node_modules/typescript/lib/lib.es2015.core.d.ts","/Users/jessekelly/Desktop/ProjectDiscovery/eslint-config/node_modules/typescript/lib/lib.es2015.collection.d.ts","/Users/jessekelly/Desktop/ProjectDiscovery/eslint-config/node_modules/typescript/lib/lib.es2015.generator.d.ts","/Users/jessekelly/Desktop/ProjectDiscovery/eslint-config/node_modules/typescript/lib/lib.es2015.iterable.d.ts","/Users/jessekelly/Desktop/ProjectDiscovery/eslint-config/node_modules/typescript/lib/lib.es2015.promise.d.ts","/Users/jessekelly/Desktop/ProjectDiscovery/eslint-config/node_modules/typescript/lib/lib.es2015.proxy.d.ts","/Users/jessekelly/Desktop/ProjectDiscovery/eslint-config/node_modules/typescript/lib/lib.es2015.reflect.d.ts","/Users/jessekelly/Desktop/ProjectDiscovery/eslint-config/node_modules/typescript/lib/lib.es2015.symbol.d.ts","/Users/jessekelly/Desktop/ProjectDiscovery/eslint-config/node_modules/typescript/lib/lib.es2015.symbol.wellknown.d.ts","/Users/jessekelly/Desktop/ProjectDiscovery/eslint-config/node_modules/typescript/lib/lib.es2016.array.include.d.ts","/Users/jessekelly/Desktop/ProjectDiscovery/eslint-config/node_modules/typescript/lib/lib.es2016.full.d.ts","/Users/jessekelly/Desktop/ProjectDiscovery/eslint-config/index.js","/Users/jessekelly/Library/Caches/typescript/4.8/node_modules/@types/eslint/helpers.d.ts","/Users/jessekelly/Library/Caches/typescript/4.8/node_modules/@types/eslint/index.d.ts"],"compilerOptions":{"module":1,"target":3,"jsx":1,"allowJs":true,"allowSyntheticDefaultImports":true,"allowNonTsExtensions":true,"noEmitForJsFiles":true,"maxNodeModuleJsDepth":2},"typeAcquisition":{"enable":true,"include":[],"exclude":[]},"unresolvedImports":[],"projectRootPath":"/Users/jessekelly/Desktop/ProjectDiscovery/eslint-config","kind":"discover"}
[13:51:48.410] Explicitly included types: []
[13:51:48.410] Typing names in '/Users/jessekelly/Desktop/ProjectDiscovery/eslint-config/package.json' dependencies: ["eslint-config-adjunct","eslint-config-airbnb","eslint-plugin-compat","eslint-plugin-jest","eslint-plugin-node","eslint-plugin-react","eslint-plugin-react-hooks","eslint"]
[13:51:48.411] Searching for typing names in /Users/jessekelly/Desktop/ProjectDiscovery/eslint-config/node_modules; all files: ["/Users/jessekelly/Desktop/ProjectDiscovery/eslint-config/node_modules/eslint-config-adjunct/package.json","/Users/jessekelly/Desktop/ProjectDiscovery/eslint-config/node_modules/eslint-config-airbnb/package.json","/Users/jessekelly/Desktop/ProjectDiscovery/eslint-config/node_modules/eslint-plugin-compat/package.json","/Users/jessekelly/Desktop/ProjectDiscovery/eslint-config/node_modules/eslint-plugin-jest/package.json","/Users/jessekelly/Desktop/ProjectDiscovery/eslint-config/node_modules/eslint-plugin-node/package.json","/Users/jessekelly/Desktop/ProjectDiscovery/eslint-config/node_modules/eslint-plugin-react/package.json","/Users/jessekelly/Desktop/ProjectDiscovery/eslint-config/node_modules/eslint-plugin-react-hooks/package.json","/Users/jessekelly/Desktop/ProjectDiscovery/eslint-config/node_modules/eslint/package.json"]
[13:51:48.417]     Found package names: ["eslint-config-adjunct","eslint-config-airbnb","eslint-plugin-compat","eslint-plugin-jest","eslint-plugin-node","eslint-plugin-react","eslint-plugin-react-hooks","eslint"]
[13:51:48.417] Inferred typings from unresolved imports: []
[13:51:48.417] Result: {"cachedTypingPaths":["/Users/jessekelly/Library/Caches/typescript/4.8/node_modules/@types/eslint/index.d.ts"],"newTypingNames":["eslint-config-adjunct","eslint-config-airbnb","eslint-plugin-compat","eslint-plugin-jest","eslint-plugin-node","eslint-plugin-react","eslint-plugin-react-hooks"],"filesToWatch":["/Users/jessekelly/Desktop/ProjectDiscovery/eslint-config/bower_components","/Users/jessekelly/Desktop/ProjectDiscovery/eslint-config/package.json","/Users/jessekelly/Desktop/ProjectDiscovery/eslint-config/node_modules"]}
[13:51:48.417] Finished typings discovery: {"cachedTypingPaths":["/Users/jessekelly/Library/Caches/typescript/4.8/node_modules/@types/eslint/index.d.ts"],"newTypingNames":["eslint-config-adjunct","eslint-config-airbnb","eslint-plugin-compat","eslint-plugin-jest","eslint-plugin-node","eslint-plugin-react","eslint-plugin-react-hooks"],"filesToWatch":["/Users/jessekelly/Desktop/ProjectDiscovery/eslint-config/bower_components","/Users/jessekelly/Desktop/ProjectDiscovery/eslint-config/package.json","/Users/jessekelly/Desktop/ProjectDiscovery/eslint-config/node_modules"]}
[13:51:48.417] Installing typings ["eslint-config-adjunct","eslint-config-airbnb","eslint-plugin-compat","eslint-plugin-jest","eslint-plugin-node","eslint-plugin-react","eslint-plugin-react-hooks"]
[13:51:48.417] 'eslint-config-adjunct':: Entry for package 'eslint-config-adjunct' does not exist in local types registry - skipping...
[13:51:48.417] 'eslint-config-airbnb':: Entry for package 'eslint-config-airbnb' does not exist in local types registry - skipping...
[13:51:48.417] 'eslint-plugin-compat':: Entry for package 'eslint-plugin-compat' does not exist in local types registry - skipping...
[13:51:48.417] 'eslint-plugin-jest':: Entry for package 'eslint-plugin-jest' does not exist in local types registry - skipping...
[13:51:48.417] 'eslint-plugin-node':: Entry for package 'eslint-plugin-node' does not exist in local types registry - skipping...
[13:51:48.417] 'eslint-plugin-react':: Entry for package 'eslint-plugin-react' does not exist in local types registry - skipping...
[13:51:48.417] 'eslint-plugin-react-hooks':: Entry for package 'eslint-plugin-react-hooks' does not exist in local types registry - skipping...
[13:51:48.417] All typings are known to be missing or invalid - no need to install more typings
[13:51:48.418] Sending response:
    {"projectName":"/dev/null/inferredProject1*","typeAcquisition":{"enable":true,"include":[],"exclude":[]},"compilerOptions":{"module":1,"target":3,"jsx":1,"allowJs":true,"allowSyntheticDefaultImports":true,"allowNonTsExtensions":true,"noEmitForJsFiles":true,"maxNodeModuleJsDepth":2},"typings":["/Users/jessekelly/Library/Caches/typescript/4.8/node_modules/@types/eslint/index.d.ts"],"unresolvedImports":[],"kind":"action::set"}
[13:51:48.418] Response has been sent.
