[16:33:20.678] Global cache location '/Users/jessekelly/Library/Caches/typescript/4.7', safe file path '/opt/homebrew/lib/node_modules/typescript/lib/typingsafelist.json', types map path /opt/homebrew/lib/node_modules/typescript/lib/typesmap.json
[16:33:20.679] Processing cache location '/Users/jessekelly/Library/Caches/typescript/4.7'
[16:33:20.679] Trying to find '/Users/jessekelly/Library/Caches/typescript/4.7/package.json'...
[16:33:20.681] Loaded content of '/Users/jessekelly/Library/Caches/typescript/4.7/package.json': {"private":true,"dependencies":{"types-registry":"^0.1.618"},"devDependencies":{"@types/babel__core":"^7.1.19","@types/babel__plugin-transform-runtime":"^7.9.2","@types/babel__preset-env":"^7.9.2","@types/eslint":"^8.4.8","@types/eslint-config-prettier":"^6.11.0","@types/eslint-plugin-prettier":"^3.1.0","@types/express":"^4.17.14","@types/mdx-js__react":"^1.5.5","@types/prettier":"^2.7.1","@types/react":"^18.0.21","@types/react-dom":"^18.0.6","@types/rollup-plugin-peer-deps-external":"^2.2.1","@types/testing-library__jest-dom":"^5.14.5"}}
[16:33:20.681] Loaded content of '/Users/jessekelly/Library/Caches/typescript/4.7/package-lock.json'
[16:33:20.690] Adding entry into typings cache: 'babel__core' => '/Users/jessekelly/Library/Caches/typescript/4.7/node_modules/@types/babel__core/index.d.ts'
[16:33:20.691] Adding entry into typings cache: 'babel__plugin-transform-runtime' => '/Users/jessekelly/Library/Caches/typescript/4.7/node_modules/@types/babel__plugin-transform-runtime/index.d.ts'
[16:33:20.693] Adding entry into typings cache: 'babel__preset-env' => '/Users/jessekelly/Library/Caches/typescript/4.7/node_modules/@types/babel__preset-env/index.d.ts'
[16:33:20.693] Adding entry into typings cache: 'eslint' => '/Users/jessekelly/Library/Caches/typescript/4.7/node_modules/@types/eslint/index.d.ts'
[16:33:20.694] Adding entry into typings cache: 'eslint-config-prettier' => '/Users/jessekelly/Library/Caches/typescript/4.7/node_modules/@types/eslint-config-prettier/index.d.ts'
[16:33:20.695] Adding entry into typings cache: 'eslint-plugin-prettier' => '/Users/jessekelly/Library/Caches/typescript/4.7/node_modules/@types/eslint-plugin-prettier/index.d.ts'
[16:33:20.697] Adding entry into typings cache: 'express' => '/Users/jessekelly/Library/Caches/typescript/4.7/node_modules/@types/express/index.d.ts'
[16:33:20.697] Adding entry into typings cache: 'mdx-js__react' => '/Users/jessekelly/Library/Caches/typescript/4.7/node_modules/@types/mdx-js__react/index.d.ts'
[16:33:20.699] Adding entry into typings cache: 'prettier' => '/Users/jessekelly/Library/Caches/typescript/4.7/node_modules/@types/prettier/index.d.ts'
[16:33:20.702] Adding entry into typings cache: 'react' => '/Users/jessekelly/Library/Caches/typescript/4.7/node_modules/@types/react/index.d.ts'
[16:33:20.704] Adding entry into typings cache: 'react-dom' => '/Users/jessekelly/Library/Caches/typescript/4.7/node_modules/@types/react-dom/index.d.ts'
[16:33:20.705] Adding entry into typings cache: 'rollup-plugin-peer-deps-external' => '/Users/jessekelly/Library/Caches/typescript/4.7/node_modules/@types/rollup-plugin-peer-deps-external/index.d.ts'
[16:33:20.706] Adding entry into typings cache: 'testing-library__jest-dom' => '/Users/jessekelly/Library/Caches/typescript/4.7/node_modules/@types/testing-library__jest-dom/index.d.ts'
[16:33:20.706] Finished processing cache location '/Users/jessekelly/Library/Caches/typescript/4.7'
[16:33:20.706] Process id: 5133
[16:33:20.706] NPM location: /Users/jessekelly/.nvm/versions/node/v16.16.0/bin/npm (explicit '--npmLocation' not  provided)
[16:33:20.706] validateDefaultNpmLocation: false
[16:33:20.706] Npm config file: /Users/jessekelly/Library/Caches/typescript/4.7/package.json
[16:33:20.706] Updating types-registry npm package...
[16:33:20.706] Exec: /Users/jessekelly/.nvm/versions/node/v16.16.0/bin/npm install --ignore-scripts types-registry@latest
[16:33:22.494]     Succeeded. stdout:
    
    up to date, audited 86 packages in 2s

4 packages are looking for funding
  run `npm fund` for details

found 0 vulnerabilities

[16:33:22.494] Updated types-registry npm package
[16:33:22.522] Got install request {"projectName":"/dev/null/inferredProject1*","fileNames":["/opt/homebrew/lib/node_modules/typescript/lib/lib.es5.d.ts","/opt/homebrew/lib/node_modules/typescript/lib/lib.es2015.d.ts","/opt/homebrew/lib/node_modules/typescript/lib/lib.es2016.d.ts","/opt/homebrew/lib/node_modules/typescript/lib/lib.dom.d.ts","/opt/homebrew/lib/node_modules/typescript/lib/lib.dom.iterable.d.ts","/opt/homebrew/lib/node_modules/typescript/lib/lib.webworker.importscripts.d.ts","/opt/homebrew/lib/node_modules/typescript/lib/lib.scripthost.d.ts","/opt/homebrew/lib/node_modules/typescript/lib/lib.es2015.core.d.ts","/opt/homebrew/lib/node_modules/typescript/lib/lib.es2015.collection.d.ts","/opt/homebrew/lib/node_modules/typescript/lib/lib.es2015.generator.d.ts","/opt/homebrew/lib/node_modules/typescript/lib/lib.es2015.iterable.d.ts","/opt/homebrew/lib/node_modules/typescript/lib/lib.es2015.promise.d.ts","/opt/homebrew/lib/node_modules/typescript/lib/lib.es2015.proxy.d.ts","/opt/homebrew/lib/node_modules/typescript/lib/lib.es2015.reflect.d.ts","/opt/homebrew/lib/node_modules/typescript/lib/lib.es2015.symbol.d.ts","/opt/homebrew/lib/node_modules/typescript/lib/lib.es2015.symbol.wellknown.d.ts","/opt/homebrew/lib/node_modules/typescript/lib/lib.es2016.array.include.d.ts","/opt/homebrew/lib/node_modules/typescript/lib/lib.es2016.full.d.ts","/Users/jessekelly/Desktop/ProjectDiscovery/eslint-config/index.js"],"compilerOptions":{"module":1,"target":3,"jsx":1,"allowJs":true,"allowSyntheticDefaultImports":true,"allowNonTsExtensions":true,"noEmitForJsFiles":true,"maxNodeModuleJsDepth":2},"typeAcquisition":{"enable":true,"include":[],"exclude":[]},"unresolvedImports":[],"projectRootPath":"/Users/jessekelly/Desktop/ProjectDiscovery/eslint-config","kind":"discover"}
[16:33:22.542] Loaded safelist from types map file '/opt/homebrew/lib/node_modules/typescript/lib/typesmap.json'
[16:33:22.543] Explicitly included types: []
[16:33:22.543] Typing names in '/Users/jessekelly/Desktop/ProjectDiscovery/eslint-config/package.json' dependencies: ["eslint-plugin-functional","eslint-plugin-jsdoc","eslint"]
[16:33:22.543] Searching for typing names in /Users/jessekelly/Desktop/ProjectDiscovery/eslint-config/node_modules; all files: ["/Users/jessekelly/Desktop/ProjectDiscovery/eslint-config/node_modules/eslint-plugin-functional/package.json","/Users/jessekelly/Desktop/ProjectDiscovery/eslint-config/node_modules/eslint-plugin-jsdoc/package.json","/Users/jessekelly/Desktop/ProjectDiscovery/eslint-config/node_modules/eslint/package.json"]
[16:33:22.547]     Found package names: ["eslint-plugin-functional","eslint-plugin-jsdoc"]
[16:33:22.547] Inferred typings from unresolved imports: []
[16:33:22.547] Result: {"cachedTypingPaths":[],"newTypingNames":["eslint-plugin-functional","eslint-plugin-jsdoc","eslint"],"filesToWatch":["/Users/jessekelly/Desktop/ProjectDiscovery/eslint-config/bower_components","/Users/jessekelly/Desktop/ProjectDiscovery/eslint-config/package.json","/Users/jessekelly/Desktop/ProjectDiscovery/eslint-config/node_modules"]}
[16:33:22.547] Finished typings discovery: {"cachedTypingPaths":[],"newTypingNames":["eslint-plugin-functional","eslint-plugin-jsdoc","eslint"],"filesToWatch":["/Users/jessekelly/Desktop/ProjectDiscovery/eslint-config/bower_components","/Users/jessekelly/Desktop/ProjectDiscovery/eslint-config/package.json","/Users/jessekelly/Desktop/ProjectDiscovery/eslint-config/node_modules"]}
[16:33:22.547] DirectoryWatcher:: Added:: WatchInfo: /Users/jessekelly/Desktop/ProjectDiscovery/eslint-config/bower_components
[16:33:22.548] DirectoryWatcher:: Added:: WatchInfo: /Users/jessekelly/Desktop/ProjectDiscovery/eslint-config/bower_components 1 undefined Project: /dev/null/inferredProject1* watcher already invoked: false
[16:33:22.548] Elapsed:: 0.7302500009536743ms DirectoryWatcher:: Added:: WatchInfo: /Users/jessekelly/Desktop/ProjectDiscovery/eslint-config/bower_components 1 undefined Project: /dev/null/inferredProject1* watcher already invoked: false
[16:33:22.549] FileWatcher:: Added:: WatchInfo: /Users/jessekelly/Desktop/ProjectDiscovery/eslint-config/package.json
[16:33:22.549] FileWatcher:: Added:: WatchInfo: /Users/jessekelly/Desktop/ProjectDiscovery/eslint-config/package.json 2000 undefined Project: /dev/null/inferredProject1* watcher already invoked: false
[16:33:22.549] DirectoryWatcher:: Added:: WatchInfo: /Users/jessekelly/Desktop/ProjectDiscovery/eslint-config/node_modules
[16:33:22.549] DirectoryWatcher:: Added:: WatchInfo: /Users/jessekelly/Desktop/ProjectDiscovery/eslint-config/node_modules 1 undefined Project: /dev/null/inferredProject1* watcher already invoked: false
[16:33:22.551] Elapsed:: 1.8289170265197754ms DirectoryWatcher:: Added:: WatchInfo: /Users/jessekelly/Desktop/ProjectDiscovery/eslint-config/node_modules 1 undefined Project: /dev/null/inferredProject1* watcher already invoked: false
[16:33:22.551] Installing typings ["eslint-plugin-functional","eslint-plugin-jsdoc","eslint"]
[16:33:22.551] 'eslint-plugin-functional':: Entry for package 'eslint-plugin-functional' does not exist in local types registry - skipping...
[16:33:22.551] 'eslint-plugin-jsdoc':: Entry for package 'eslint-plugin-jsdoc' does not exist in local types registry - skipping...
[16:33:22.551] Npm config file: /Users/jessekelly/Library/Caches/typescript/4.7/package.json
[16:33:22.552] Sending response:
    {"kind":"event::beginInstallTypes","eventId":1,"typingsInstallerVersion":"4.7.4","projectName":"/dev/null/inferredProject1*"}
[16:33:22.552] Response has been sent.
[16:33:22.552] #1 with arguments'["@types/eslint@ts4.7"]'.
[16:33:22.552] Exec: /Users/jessekelly/.nvm/versions/node/v16.16.0/bin/npm install --ignore-scripts @types/eslint@ts4.7 --save-dev --user-agent="typesInstaller/4.7.4"
[16:33:23.834]     Succeeded. stdout:
    
    changed 1 package, and audited 86 packages in 1s

4 packages are looking for funding
  run `npm fund` for details

found 0 vulnerabilities

[16:33:23.834] npm install #1 took: 1282 ms
[16:33:23.834] Installed typings ["@types/eslint@ts4.7"]
[16:33:23.836] Installed typing files ["/Users/jessekelly/Library/Caches/typescript/4.7/node_modules/@types/eslint/index.d.ts"]
[16:33:23.836] Sending response:
    {"projectName":"/dev/null/inferredProject1*","typeAcquisition":{"enable":true,"include":[],"exclude":[]},"compilerOptions":{"module":1,"target":3,"jsx":1,"allowJs":true,"allowSyntheticDefaultImports":true,"allowNonTsExtensions":true,"noEmitForJsFiles":true,"maxNodeModuleJsDepth":2},"typings":["/Users/jessekelly/Library/Caches/typescript/4.7/node_modules/@types/eslint/index.d.ts"],"unresolvedImports":[],"kind":"action::set"}
[16:33:23.836] Response has been sent.
[16:33:23.836] Sending response:
    {"kind":"event::endInstallTypes","eventId":1,"projectName":"/dev/null/inferredProject1*","packagesToInstall":["@types/eslint@ts4.7"],"installSuccess":true,"typingsInstallerVersion":"4.7.4"}
[16:33:23.836] Response has been sent.
[16:33:24.214] Got install request {"projectName":"/dev/null/inferredProject1*","fileNames":["/opt/homebrew/lib/node_modules/typescript/lib/lib.es5.d.ts","/opt/homebrew/lib/node_modules/typescript/lib/lib.es2015.d.ts","/opt/homebrew/lib/node_modules/typescript/lib/lib.es2016.d.ts","/opt/homebrew/lib/node_modules/typescript/lib/lib.dom.d.ts","/opt/homebrew/lib/node_modules/typescript/lib/lib.dom.iterable.d.ts","/opt/homebrew/lib/node_modules/typescript/lib/lib.webworker.importscripts.d.ts","/opt/homebrew/lib/node_modules/typescript/lib/lib.scripthost.d.ts","/opt/homebrew/lib/node_modules/typescript/lib/lib.es2015.core.d.ts","/opt/homebrew/lib/node_modules/typescript/lib/lib.es2015.collection.d.ts","/opt/homebrew/lib/node_modules/typescript/lib/lib.es2015.generator.d.ts","/opt/homebrew/lib/node_modules/typescript/lib/lib.es2015.iterable.d.ts","/opt/homebrew/lib/node_modules/typescript/lib/lib.es2015.promise.d.ts","/opt/homebrew/lib/node_modules/typescript/lib/lib.es2015.proxy.d.ts","/opt/homebrew/lib/node_modules/typescript/lib/lib.es2015.reflect.d.ts","/opt/homebrew/lib/node_modules/typescript/lib/lib.es2015.symbol.d.ts","/opt/homebrew/lib/node_modules/typescript/lib/lib.es2015.symbol.wellknown.d.ts","/opt/homebrew/lib/node_modules/typescript/lib/lib.es2016.array.include.d.ts","/opt/homebrew/lib/node_modules/typescript/lib/lib.es2016.full.d.ts","/Users/jessekelly/Desktop/ProjectDiscovery/eslint-config/index.js","/Users/jessekelly/Library/Caches/typescript/4.7/node_modules/@types/eslint/helpers.d.ts","/Users/jessekelly/Library/Caches/typescript/4.7/node_modules/@types/eslint/index.d.ts"],"compilerOptions":{"module":1,"target":3,"jsx":1,"allowJs":true,"allowSyntheticDefaultImports":true,"allowNonTsExtensions":true,"noEmitForJsFiles":true,"maxNodeModuleJsDepth":2},"typeAcquisition":{"enable":true,"include":[],"exclude":[]},"unresolvedImports":[],"projectRootPath":"/Users/jessekelly/Desktop/ProjectDiscovery/eslint-config","kind":"discover"}
[16:33:24.215] Explicitly included types: []
[16:33:24.215] Typing names in '/Users/jessekelly/Desktop/ProjectDiscovery/eslint-config/package.json' dependencies: ["eslint-plugin-functional","eslint-plugin-jsdoc","eslint"]
[16:33:24.216] Searching for typing names in /Users/jessekelly/Desktop/ProjectDiscovery/eslint-config/node_modules; all files: ["/Users/jessekelly/Desktop/ProjectDiscovery/eslint-config/node_modules/eslint-plugin-functional/package.json","/Users/jessekelly/Desktop/ProjectDiscovery/eslint-config/node_modules/eslint-plugin-jsdoc/package.json","/Users/jessekelly/Desktop/ProjectDiscovery/eslint-config/node_modules/eslint/package.json"]
[16:33:24.220]     Found package names: ["eslint-plugin-functional","eslint-plugin-jsdoc"]
[16:33:24.220] Inferred typings from unresolved imports: []
[16:33:24.220] Result: {"cachedTypingPaths":["/Users/jessekelly/Library/Caches/typescript/4.7/node_modules/@types/eslint/index.d.ts"],"newTypingNames":["eslint-plugin-functional","eslint-plugin-jsdoc"],"filesToWatch":["/Users/jessekelly/Desktop/ProjectDiscovery/eslint-config/bower_components","/Users/jessekelly/Desktop/ProjectDiscovery/eslint-config/package.json","/Users/jessekelly/Desktop/ProjectDiscovery/eslint-config/node_modules"]}
[16:33:24.220] Finished typings discovery: {"cachedTypingPaths":["/Users/jessekelly/Library/Caches/typescript/4.7/node_modules/@types/eslint/index.d.ts"],"newTypingNames":["eslint-plugin-functional","eslint-plugin-jsdoc"],"filesToWatch":["/Users/jessekelly/Desktop/ProjectDiscovery/eslint-config/bower_components","/Users/jessekelly/Desktop/ProjectDiscovery/eslint-config/package.json","/Users/jessekelly/Desktop/ProjectDiscovery/eslint-config/node_modules"]}
[16:33:24.221] Installing typings ["eslint-plugin-functional","eslint-plugin-jsdoc"]
[16:33:24.221] 'eslint-plugin-functional':: Entry for package 'eslint-plugin-functional' does not exist in local types registry - skipping...
[16:33:24.221] 'eslint-plugin-jsdoc':: Entry for package 'eslint-plugin-jsdoc' does not exist in local types registry - skipping...
[16:33:24.221] All typings are known to be missing or invalid - no need to install more typings
[16:33:24.221] Sending response:
    {"projectName":"/dev/null/inferredProject1*","typeAcquisition":{"enable":true,"include":[],"exclude":[]},"compilerOptions":{"module":1,"target":3,"jsx":1,"allowJs":true,"allowSyntheticDefaultImports":true,"allowNonTsExtensions":true,"noEmitForJsFiles":true,"maxNodeModuleJsDepth":2},"typings":["/Users/jessekelly/Library/Caches/typescript/4.7/node_modules/@types/eslint/index.d.ts"],"unresolvedImports":[],"kind":"action::set"}
[16:33:24.221] Response has been sent.
