[14:11:48.258] Global cache location '/Users/jessekelly/Library/Caches/typescript/4.7', safe file path '/opt/homebrew/lib/node_modules/typescript/lib/typingsafelist.json', types map path /opt/homebrew/lib/node_modules/typescript/lib/typesmap.json
[14:11:48.261] Processing cache location '/Users/jessekelly/Library/Caches/typescript/4.7'
[14:11:48.261] Trying to find '/Users/jessekelly/Library/Caches/typescript/4.7/package.json'...
[14:11:48.264] Loaded content of '/Users/jessekelly/Library/Caches/typescript/4.7/package.json': {"private":true,"dependencies":{"types-registry":"^0.1.615"},"devDependencies":{"@types/babel__core":"^7.1.19","@types/babel__plugin-transform-runtime":"^7.9.2","@types/babel__preset-env":"^7.9.2","@types/eslint":"^8.4.8","@types/eslint-config-prettier":"^6.11.0","@types/eslint-plugin-prettier":"^3.1.0","@types/express":"^4.17.14","@types/mdx-js__react":"^1.5.5","@types/prettier":"^2.7.1","@types/react":"^18.0.21","@types/react-dom":"^18.0.6","@types/rollup-plugin-peer-deps-external":"^2.2.1","@types/testing-library__jest-dom":"^5.14.5"}}
[14:11:48.264] Loaded content of '/Users/jessekelly/Library/Caches/typescript/4.7/package-lock.json'
[14:11:48.274] Adding entry into typings cache: 'babel__core' => '/Users/jessekelly/Library/Caches/typescript/4.7/node_modules/@types/babel__core/index.d.ts'
[14:11:48.275] Adding entry into typings cache: 'babel__plugin-transform-runtime' => '/Users/jessekelly/Library/Caches/typescript/4.7/node_modules/@types/babel__plugin-transform-runtime/index.d.ts'
[14:11:48.276] Adding entry into typings cache: 'babel__preset-env' => '/Users/jessekelly/Library/Caches/typescript/4.7/node_modules/@types/babel__preset-env/index.d.ts'
[14:11:48.278] Adding entry into typings cache: 'eslint' => '/Users/jessekelly/Library/Caches/typescript/4.7/node_modules/@types/eslint/index.d.ts'
[14:11:48.279] Adding entry into typings cache: 'eslint-config-prettier' => '/Users/jessekelly/Library/Caches/typescript/4.7/node_modules/@types/eslint-config-prettier/index.d.ts'
[14:11:48.280] Adding entry into typings cache: 'eslint-plugin-prettier' => '/Users/jessekelly/Library/Caches/typescript/4.7/node_modules/@types/eslint-plugin-prettier/index.d.ts'
[14:11:48.281] Adding entry into typings cache: 'express' => '/Users/jessekelly/Library/Caches/typescript/4.7/node_modules/@types/express/index.d.ts'
[14:11:48.282] Adding entry into typings cache: 'mdx-js__react' => '/Users/jessekelly/Library/Caches/typescript/4.7/node_modules/@types/mdx-js__react/index.d.ts'
[14:11:48.284] Adding entry into typings cache: 'prettier' => '/Users/jessekelly/Library/Caches/typescript/4.7/node_modules/@types/prettier/index.d.ts'
[14:11:48.287] Adding entry into typings cache: 'react' => '/Users/jessekelly/Library/Caches/typescript/4.7/node_modules/@types/react/index.d.ts'
[14:11:48.290] Adding entry into typings cache: 'react-dom' => '/Users/jessekelly/Library/Caches/typescript/4.7/node_modules/@types/react-dom/index.d.ts'
[14:11:48.292] Adding entry into typings cache: 'rollup-plugin-peer-deps-external' => '/Users/jessekelly/Library/Caches/typescript/4.7/node_modules/@types/rollup-plugin-peer-deps-external/index.d.ts'
[14:11:48.293] Adding entry into typings cache: 'testing-library__jest-dom' => '/Users/jessekelly/Library/Caches/typescript/4.7/node_modules/@types/testing-library__jest-dom/index.d.ts'
[14:11:48.293] Finished processing cache location '/Users/jessekelly/Library/Caches/typescript/4.7'
[14:11:48.293] Process id: 81840
[14:11:48.293] NPM location: /Users/jessekelly/.nvm/versions/node/v16.16.0/bin/npm (explicit '--npmLocation' not  provided)
[14:11:48.293] validateDefaultNpmLocation: false
[14:11:48.293] Npm config file: /Users/jessekelly/Library/Caches/typescript/4.7/package.json
[14:11:48.293] Updating types-registry npm package...
[14:11:48.293] Exec: /Users/jessekelly/.nvm/versions/node/v16.16.0/bin/npm install --ignore-scripts types-registry@latest
[14:11:50.273]     Succeeded. stdout:
    
    up to date, audited 86 packages in 2s

4 packages are looking for funding
  run `npm fund` for details

found 0 vulnerabilities

[14:11:50.274] Updated types-registry npm package
[14:11:50.297] Got install request {"projectName":"/dev/null/inferredProject1*","fileNames":["/opt/homebrew/lib/node_modules/typescript/lib/lib.es5.d.ts","/opt/homebrew/lib/node_modules/typescript/lib/lib.es2015.d.ts","/opt/homebrew/lib/node_modules/typescript/lib/lib.es2016.d.ts","/opt/homebrew/lib/node_modules/typescript/lib/lib.dom.d.ts","/opt/homebrew/lib/node_modules/typescript/lib/lib.dom.iterable.d.ts","/opt/homebrew/lib/node_modules/typescript/lib/lib.webworker.importscripts.d.ts","/opt/homebrew/lib/node_modules/typescript/lib/lib.scripthost.d.ts","/opt/homebrew/lib/node_modules/typescript/lib/lib.es2015.core.d.ts","/opt/homebrew/lib/node_modules/typescript/lib/lib.es2015.collection.d.ts","/opt/homebrew/lib/node_modules/typescript/lib/lib.es2015.generator.d.ts","/opt/homebrew/lib/node_modules/typescript/lib/lib.es2015.iterable.d.ts","/opt/homebrew/lib/node_modules/typescript/lib/lib.es2015.promise.d.ts","/opt/homebrew/lib/node_modules/typescript/lib/lib.es2015.proxy.d.ts","/opt/homebrew/lib/node_modules/typescript/lib/lib.es2015.reflect.d.ts","/opt/homebrew/lib/node_modules/typescript/lib/lib.es2015.symbol.d.ts","/opt/homebrew/lib/node_modules/typescript/lib/lib.es2015.symbol.wellknown.d.ts","/opt/homebrew/lib/node_modules/typescript/lib/lib.es2016.array.include.d.ts","/opt/homebrew/lib/node_modules/typescript/lib/lib.es2016.full.d.ts","/Users/jessekelly/Desktop/ProjectDiscovery/eslint-config/index.js"],"compilerOptions":{"module":1,"target":3,"jsx":1,"allowJs":true,"allowSyntheticDefaultImports":true,"allowNonTsExtensions":true,"noEmitForJsFiles":true,"maxNodeModuleJsDepth":2},"typeAcquisition":{"enable":true,"include":[],"exclude":[]},"unresolvedImports":[],"projectRootPath":"/Users/jessekelly/Desktop/ProjectDiscovery/eslint-config","kind":"discover"}
[14:11:50.303] Loaded safelist from types map file '/opt/homebrew/lib/node_modules/typescript/lib/typesmap.json'
[14:11:50.304] Explicitly included types: []
[14:11:50.305] Typing names in '/Users/jessekelly/Desktop/ProjectDiscovery/eslint-config/package.json' dependencies: ["eslint"]
[14:11:50.306] Inferred typings from unresolved imports: []
[14:11:50.306] Result: {"cachedTypingPaths":["/Users/jessekelly/Library/Caches/typescript/4.7/node_modules/@types/eslint/index.d.ts"],"newTypingNames":[],"filesToWatch":["/Users/jessekelly/Desktop/ProjectDiscovery/eslint-config/bower_components","/Users/jessekelly/Desktop/ProjectDiscovery/eslint-config/package.json","/Users/jessekelly/Desktop/ProjectDiscovery/eslint-config/node_modules"]}
[14:11:50.306] Finished typings discovery: {"cachedTypingPaths":["/Users/jessekelly/Library/Caches/typescript/4.7/node_modules/@types/eslint/index.d.ts"],"newTypingNames":[],"filesToWatch":["/Users/jessekelly/Desktop/ProjectDiscovery/eslint-config/bower_components","/Users/jessekelly/Desktop/ProjectDiscovery/eslint-config/package.json","/Users/jessekelly/Desktop/ProjectDiscovery/eslint-config/node_modules"]}
[14:11:50.306] DirectoryWatcher:: Added:: WatchInfo: /Users/jessekelly/Desktop/ProjectDiscovery/eslint-config/bower_components
[14:11:50.307] DirectoryWatcher:: Added:: WatchInfo: /Users/jessekelly/Desktop/ProjectDiscovery/eslint-config/bower_components 1 undefined Project: /dev/null/inferredProject1* watcher already invoked: false
[14:11:50.307] Elapsed:: 0.5254170298576355ms DirectoryWatcher:: Added:: WatchInfo: /Users/jessekelly/Desktop/ProjectDiscovery/eslint-config/bower_components 1 undefined Project: /dev/null/inferredProject1* watcher already invoked: false
[14:11:50.307] FileWatcher:: Added:: WatchInfo: /Users/jessekelly/Desktop/ProjectDiscovery/eslint-config/package.json
[14:11:50.307] FileWatcher:: Added:: WatchInfo: /Users/jessekelly/Desktop/ProjectDiscovery/eslint-config/package.json 2000 undefined Project: /dev/null/inferredProject1* watcher already invoked: false
[14:11:50.308] DirectoryWatcher:: Added:: WatchInfo: /Users/jessekelly/Desktop/ProjectDiscovery/eslint-config/node_modules
[14:11:50.308] DirectoryWatcher:: Added:: WatchInfo: /Users/jessekelly/Desktop/ProjectDiscovery/eslint-config/node_modules 1 undefined Project: /dev/null/inferredProject1* watcher already invoked: false
[14:11:50.308] Elapsed:: 0.037582993507385254ms DirectoryWatcher:: Added:: WatchInfo: /Users/jessekelly/Desktop/ProjectDiscovery/eslint-config/node_modules 1 undefined Project: /dev/null/inferredProject1* watcher already invoked: false
[14:11:50.308] Sending response:
    {"projectName":"/dev/null/inferredProject1*","typeAcquisition":{"enable":true,"include":[],"exclude":[]},"compilerOptions":{"module":1,"target":3,"jsx":1,"allowJs":true,"allowSyntheticDefaultImports":true,"allowNonTsExtensions":true,"noEmitForJsFiles":true,"maxNodeModuleJsDepth":2},"typings":["/Users/jessekelly/Library/Caches/typescript/4.7/node_modules/@types/eslint/index.d.ts"],"unresolvedImports":[],"kind":"action::set"}
[14:11:50.308] Response has been sent.
[14:11:50.308] No new typings were requested as a result of typings discovery
[14:11:50.699] Got install request {"projectName":"/dev/null/inferredProject1*","fileNames":["/opt/homebrew/lib/node_modules/typescript/lib/lib.es5.d.ts","/opt/homebrew/lib/node_modules/typescript/lib/lib.es2015.d.ts","/opt/homebrew/lib/node_modules/typescript/lib/lib.es2016.d.ts","/opt/homebrew/lib/node_modules/typescript/lib/lib.dom.d.ts","/opt/homebrew/lib/node_modules/typescript/lib/lib.dom.iterable.d.ts","/opt/homebrew/lib/node_modules/typescript/lib/lib.webworker.importscripts.d.ts","/opt/homebrew/lib/node_modules/typescript/lib/lib.scripthost.d.ts","/opt/homebrew/lib/node_modules/typescript/lib/lib.es2015.core.d.ts","/opt/homebrew/lib/node_modules/typescript/lib/lib.es2015.collection.d.ts","/opt/homebrew/lib/node_modules/typescript/lib/lib.es2015.generator.d.ts","/opt/homebrew/lib/node_modules/typescript/lib/lib.es2015.iterable.d.ts","/opt/homebrew/lib/node_modules/typescript/lib/lib.es2015.promise.d.ts","/opt/homebrew/lib/node_modules/typescript/lib/lib.es2015.proxy.d.ts","/opt/homebrew/lib/node_modules/typescript/lib/lib.es2015.reflect.d.ts","/opt/homebrew/lib/node_modules/typescript/lib/lib.es2015.symbol.d.ts","/opt/homebrew/lib/node_modules/typescript/lib/lib.es2015.symbol.wellknown.d.ts","/opt/homebrew/lib/node_modules/typescript/lib/lib.es2016.array.include.d.ts","/opt/homebrew/lib/node_modules/typescript/lib/lib.es2016.full.d.ts","/Users/jessekelly/Desktop/ProjectDiscovery/eslint-config/index.js","/Users/jessekelly/Library/Caches/typescript/4.7/node_modules/@types/eslint/helpers.d.ts","/Users/jessekelly/Library/Caches/typescript/4.7/node_modules/@types/eslint/index.d.ts"],"compilerOptions":{"module":1,"target":3,"jsx":1,"allowJs":true,"allowSyntheticDefaultImports":true,"allowNonTsExtensions":true,"noEmitForJsFiles":true,"maxNodeModuleJsDepth":2},"typeAcquisition":{"enable":true,"include":[],"exclude":[]},"unresolvedImports":[],"projectRootPath":"/Users/jessekelly/Desktop/ProjectDiscovery/eslint-config","kind":"discover"}
[14:11:50.700] Explicitly included types: []
[14:11:50.702] Typing names in '/Users/jessekelly/Desktop/ProjectDiscovery/eslint-config/package.json' dependencies: ["eslint"]
[14:11:50.702] Inferred typings from unresolved imports: []
[14:11:50.703] Result: {"cachedTypingPaths":["/Users/jessekelly/Library/Caches/typescript/4.7/node_modules/@types/eslint/index.d.ts"],"newTypingNames":[],"filesToWatch":["/Users/jessekelly/Desktop/ProjectDiscovery/eslint-config/bower_components","/Users/jessekelly/Desktop/ProjectDiscovery/eslint-config/package.json","/Users/jessekelly/Desktop/ProjectDiscovery/eslint-config/node_modules"]}
[14:11:50.703] Finished typings discovery: {"cachedTypingPaths":["/Users/jessekelly/Library/Caches/typescript/4.7/node_modules/@types/eslint/index.d.ts"],"newTypingNames":[],"filesToWatch":["/Users/jessekelly/Desktop/ProjectDiscovery/eslint-config/bower_components","/Users/jessekelly/Desktop/ProjectDiscovery/eslint-config/package.json","/Users/jessekelly/Desktop/ProjectDiscovery/eslint-config/node_modules"]}
[14:11:50.704] Sending response:
    {"projectName":"/dev/null/inferredProject1*","typeAcquisition":{"enable":true,"include":[],"exclude":[]},"compilerOptions":{"module":1,"target":3,"jsx":1,"allowJs":true,"allowSyntheticDefaultImports":true,"allowNonTsExtensions":true,"noEmitForJsFiles":true,"maxNodeModuleJsDepth":2},"typings":["/Users/jessekelly/Library/Caches/typescript/4.7/node_modules/@types/eslint/index.d.ts"],"unresolvedImports":[],"kind":"action::set"}
[14:11:50.704] Response has been sent.
[14:11:50.704] No new typings were requested as a result of typings discovery
